  [1m[36mActiveRecord::SchemaMigration Load (0.3ms)[0m  [1mSELECT "schema_migrations".* FROM "schema_migrations"[0m
  [1m[35mActiveRecord::SchemaMigration Load (0.1ms)[0m  SELECT "schema_migrations".* FROM "schema_migrations"
  [1m[36m (1.8ms)[0m  [1mSELECT t2.oid::regclass::text AS to_table, a1.attname AS column, a2.attname AS primary_key, c.conname AS name, c.confupdtype AS on_update, c.confdeltype AS on_delete
FROM pg_constraint c
JOIN pg_class t1 ON c.conrelid = t1.oid
JOIN pg_class t2 ON c.confrelid = t2.oid
JOIN pg_attribute a1 ON a1.attnum = c.conkey[1] AND a1.attrelid = t1.oid
JOIN pg_attribute a2 ON a2.attnum = c.confkey[1] AND a2.attrelid = t2.oid
JOIN pg_namespace t3 ON c.connamespace = t3.oid
WHERE c.contype = 'f'
  AND t1.relname = 'bookings'
  AND t3.nspname = ANY (current_schemas(false))
ORDER BY c.conname
[0m
  [1m[35m (2.1ms)[0m  SELECT t2.oid::regclass::text AS to_table, a1.attname AS column, a2.attname AS primary_key, c.conname AS name, c.confupdtype AS on_update, c.confdeltype AS on_delete
FROM pg_constraint c
JOIN pg_class t1 ON c.conrelid = t1.oid
JOIN pg_class t2 ON c.confrelid = t2.oid
JOIN pg_attribute a1 ON a1.attnum = c.conkey[1] AND a1.attrelid = t1.oid
JOIN pg_attribute a2 ON a2.attnum = c.confkey[1] AND a2.attrelid = t2.oid
JOIN pg_namespace t3 ON c.connamespace = t3.oid
WHERE c.contype = 'f'
  AND t1.relname = 'reservations'
  AND t3.nspname = ANY (current_schemas(false))
ORDER BY c.conname

  [1m[36m (1.7ms)[0m  [1mSELECT t2.oid::regclass::text AS to_table, a1.attname AS column, a2.attname AS primary_key, c.conname AS name, c.confupdtype AS on_update, c.confdeltype AS on_delete
FROM pg_constraint c
JOIN pg_class t1 ON c.conrelid = t1.oid
JOIN pg_class t2 ON c.confrelid = t2.oid
JOIN pg_attribute a1 ON a1.attnum = c.conkey[1] AND a1.attrelid = t1.oid
JOIN pg_attribute a2 ON a2.attnum = c.confkey[1] AND a2.attrelid = t2.oid
JOIN pg_namespace t3 ON c.connamespace = t3.oid
WHERE c.contype = 'f'
  AND t1.relname = 'roomadds'
  AND t3.nspname = ANY (current_schemas(false))
ORDER BY c.conname
[0m
  [1m[35m (1.5ms)[0m  SELECT t2.oid::regclass::text AS to_table, a1.attname AS column, a2.attname AS primary_key, c.conname AS name, c.confupdtype AS on_update, c.confdeltype AS on_delete
FROM pg_constraint c
JOIN pg_class t1 ON c.conrelid = t1.oid
JOIN pg_class t2 ON c.confrelid = t2.oid
JOIN pg_attribute a1 ON a1.attnum = c.conkey[1] AND a1.attrelid = t1.oid
JOIN pg_attribute a2 ON a2.attnum = c.confkey[1] AND a2.attrelid = t2.oid
JOIN pg_namespace t3 ON c.connamespace = t3.oid
WHERE c.contype = 'f'
  AND t1.relname = 'rooms'
  AND t3.nspname = ANY (current_schemas(false))
ORDER BY c.conname

  [1m[36m (1.5ms)[0m  [1mSELECT t2.oid::regclass::text AS to_table, a1.attname AS column, a2.attname AS primary_key, c.conname AS name, c.confupdtype AS on_update, c.confdeltype AS on_delete
FROM pg_constraint c
JOIN pg_class t1 ON c.conrelid = t1.oid
JOIN pg_class t2 ON c.confrelid = t2.oid
JOIN pg_attribute a1 ON a1.attnum = c.conkey[1] AND a1.attrelid = t1.oid
JOIN pg_attribute a2 ON a2.attnum = c.confkey[1] AND a2.attrelid = t2.oid
JOIN pg_namespace t3 ON c.connamespace = t3.oid
WHERE c.contype = 'f'
  AND t1.relname = 'users'
  AND t3.nspname = ANY (current_schemas(false))
ORDER BY c.conname
[0m
  [1m[36mBooking Load (0.3ms)[0m  [1mSELECT "bookings".* FROM "bookings" WHERE "bookings"."roomnum" = $1 AND (booking_date > '2016-09-25')[0m  [["roomnum", "102"]]
  [1m[35mBooking Load (0.4ms)[0m  SELECT  "bookings".* FROM "bookings"  ORDER BY "bookings"."id" DESC LIMIT 1
  [1m[36mBooking Load (0.3ms)[0m  [1mSELECT "bookings".* FROM "bookings"[0m
  [1m[36mBooking Load (0.6ms)[0m  [1mSELECT  "bookings".* FROM "bookings"  ORDER BY "bookings"."id" DESC LIMIT 1[0m


Started GET "/" for ::1 at 2016-10-04 19:45:03 -0400
  [1m[36mActiveRecord::SchemaMigration Load (2.5ms)[0m  [1mSELECT "schema_migrations".* FROM "schema_migrations"[0m
Processing by AccessController#login as HTML
  Rendered access/login.html.erb within layouts/application (305.2ms)
Completed 200 OK in 356ms (Views: 326.3ms | ActiveRecord: 4.1ms)


Started GET "/assets/_normalize.self-0b26062fb4fc16759ec153e6726e7a9b2690a75a0ace20dcf9b39b4b919d2162.css?body=1" for ::1 at 2016-10-04 19:45:04 -0400


Started GET "/assets/reservations.self-e3b0c44298fc1c149afbf4c8996fb92427ae41e4649b934ca495991b7852b855.css?body=1" for ::1 at 2016-10-04 19:45:04 -0400


Started GET "/assets/login.self-e3b0c44298fc1c149afbf4c8996fb92427ae41e4649b934ca495991b7852b855.css?body=1" for ::1 at 2016-10-04 19:45:04 -0400


Started GET "/assets/access.self-e3b0c44298fc1c149afbf4c8996fb92427ae41e4649b934ca495991b7852b855.css?body=1" for ::1 at 2016-10-04 19:45:04 -0400


Started GET "/assets/rooms.self-e3b0c44298fc1c149afbf4c8996fb92427ae41e4649b934ca495991b7852b855.css?body=1" for ::1 at 2016-10-04 19:45:04 -0400


Started GET "/assets/users.self-e3b0c44298fc1c149afbf4c8996fb92427ae41e4649b934ca495991b7852b855.css?body=1" for ::1 at 2016-10-04 19:45:04 -0400


Started GET "/assets/application.self-aeb03498ea2a884677e69a2903790501554737debaf94d2e4575fde86f31acb0.css?body=1" for ::1 at 2016-10-04 19:45:04 -0400


Started GET "/assets/jquery.self-bd7ddd393353a8d2480a622e80342adf488fb6006d667e8b42e4c0073393abee.js?body=1" for ::1 at 2016-10-04 19:45:04 -0400


Started GET "/assets/jquery_ujs.self-784a997f6726036b1993eb2217c9cb558e1cbb801c6da88105588c56f13b466a.js?body=1" for ::1 at 2016-10-04 19:45:04 -0400


Started GET "/assets/turbolinks.self-c5acd7a204f5f25ce7a1d8a0e4d92e28d34c9e2df2c7371cd7af88e147e4ad82.js?body=1" for ::1 at 2016-10-04 19:45:04 -0400


Started GET "/assets/access.self-877aef30ae1b040ab8a3aba4e3e309a11d7f2612f44dde450b5c157aa5f95c05.js?body=1" for ::1 at 2016-10-04 19:45:04 -0400


Started GET "/assets/login.self-877aef30ae1b040ab8a3aba4e3e309a11d7f2612f44dde450b5c157aa5f95c05.js?body=1" for ::1 at 2016-10-04 19:45:04 -0400


Started GET "/assets/reservations.self-877aef30ae1b040ab8a3aba4e3e309a11d7f2612f44dde450b5c157aa5f95c05.js?body=1" for ::1 at 2016-10-04 19:45:04 -0400


Started GET "/assets/rooms.self-877aef30ae1b040ab8a3aba4e3e309a11d7f2612f44dde450b5c157aa5f95c05.js?body=1" for ::1 at 2016-10-04 19:45:04 -0400


Started GET "/assets/users.self-877aef30ae1b040ab8a3aba4e3e309a11d7f2612f44dde450b5c157aa5f95c05.js?body=1" for ::1 at 2016-10-04 19:45:04 -0400


Started GET "/assets/application.self-3b8dabdc891efe46b9a144b400ad69e37d7e5876bdc39dee783419a69d7ca819.js?body=1" for ::1 at 2016-10-04 19:45:04 -0400


Started POST "/access/attempt_login" for ::1 at 2016-10-04 19:45:17 -0400
Processing by AccessController#attempt_login as HTML
  Parameters: {"utf8"=>"✓", "authenticity_token"=>"wbwRQfjKglbHjlZq+3IqGNslK+2ZhwAZkcgNcGU/fjLOqVBa6oxVSlSu0lU5/c5m7SKg8SKAh+15XKaNwXi+VA==", "username"=>"admin", "password"=>"[FILTERED]", "isAdmin"=>"1", "commit"=>"Login"}
  [1m[35mUser Load (2.6ms)[0m  SELECT  "users".* FROM "users" WHERE "users"."username" = $1  ORDER BY "users"."id" ASC LIMIT 1  [["username", "admin"]]
  [1m[36mUser Load (0.2ms)[0m  [1mSELECT  "users"."id" FROM "users" WHERE "users"."username" = $1  ORDER BY "users"."id" ASC LIMIT 1[0m  [["username", "admin"]]
  [1m[35mUser Load (0.2ms)[0m  SELECT  "users"."username" FROM "users" WHERE "users"."username" = $1  ORDER BY "users"."id" ASC LIMIT 1  [["username", "admin"]]
  [1m[36mUser Load (0.1ms)[0m  [1mSELECT  "users"."isAdmin" FROM "users" WHERE "users"."username" = $1  ORDER BY "users"."id" ASC LIMIT 1[0m  [["username", "admin"]]
  [1m[35mCACHE (0.0ms)[0m  SELECT  "users"."isAdmin" FROM "users" WHERE "users"."username" = $1  ORDER BY "users"."id" ASC LIMIT 1  [["username", "admin"]]
Redirected to http://localhost:3000/access/roomadmin
Completed 302 Found in 83ms (ActiveRecord: 3.3ms)


Started GET "/access/roomadmin" for ::1 at 2016-10-04 19:45:17 -0400
Processing by AccessController#roomadmin as HTML
  [1m[36mUser Load (0.2ms)[0m  [1mSELECT  "users".* FROM "users" WHERE "users"."id" = $1 LIMIT 1[0m  [["id", 12]]
  Rendered access/roomadmin.html.erb within layouts/application (21.8ms)
Completed 200 OK in 38ms (Views: 35.0ms | ActiveRecord: 0.2ms)


Started GET "/access/viewallbooking" for ::1 at 2016-10-04 19:45:24 -0400
Processing by AccessController#viewallbooking as HTML
  [1m[35mBooking Load (1.0ms)[0m  SELECT "bookings".* FROM "bookings"
  Rendered access/viewallbooking.html.erb within layouts/application (40.2ms)
Completed 200 OK in 56ms (Views: 51.0ms | ActiveRecord: 2.3ms)


Started GET "/access/roomadmin" for ::1 at 2016-10-04 19:45:28 -0400
Processing by AccessController#roomadmin as HTML
  [1m[36mUser Load (0.4ms)[0m  [1mSELECT  "users".* FROM "users" WHERE "users"."id" = $1 LIMIT 1[0m  [["id", 12]]
  Rendered access/roomadmin.html.erb within layouts/application (36.9ms)
Completed 200 OK in 51ms (Views: 48.9ms | ActiveRecord: 0.4ms)


Started GET "/Access/login" for ::1 at 2016-10-04 19:46:58 -0400
Processing by AccessController#login as HTML
  Rendered access/login.html.erb within layouts/application (23.6ms)
Completed 200 OK in 35ms (Views: 34.7ms | ActiveRecord: 0.0ms)


Started GET "/Users/new" for ::1 at 2016-10-04 19:46:59 -0400
Processing by UsersController#new as HTML
  Rendered users/new.html.erb within layouts/application (34.4ms)
Completed 200 OK in 48ms (Views: 47.8ms | ActiveRecord: 0.0ms)


Started POST "/users" for ::1 at 2016-10-04 19:47:21 -0400
Processing by UsersController#create as HTML
  Parameters: {"utf8"=>"✓", "authenticity_token"=>"1D+8vP1UvMMlDaKkXsQHRVTl1SMoSjaEA83v94QSw4DbKv2n7xJr37YtJpucS+M7YuJeP5NNsXDrWUQKIFUD5g==", "user"=>{"username"=>"abcd", "email"=>"adbc@aalkjas.com", "password"=>"[FILTERED]", "password_confirmation"=>"[FILTERED]"}, "commit"=>"Create my account"}
Unpermitted parameter: password_confirmation
  [1m[35m (0.2ms)[0m  BEGIN
  [1m[36mUser Exists (0.3ms)[0m  [1mSELECT  1 AS one FROM "users" WHERE "users"."username" = 'abcd' LIMIT 1[0m
  [1m[35mUser Exists (0.2ms)[0m  SELECT  1 AS one FROM "users" WHERE "users"."email" = 'adbc@aalkjas.com' LIMIT 1
  [1m[36mSQL (2.6ms)[0m  [1mINSERT INTO "users" ("username", "password_digest", "email", "created_at", "updated_at") VALUES ($1, $2, $3, $4, $5) RETURNING "id"[0m  [["username", "abcd"], ["password_digest", "$2a$10$jI27ysXCI7FyogV9aqRPY.04GcE.yoovAjQ1Dsr4wKlDqteco2Rgi"], ["email", "adbc@aalkjas.com"], ["created_at", "2016-10-04 19:47:21.700295"], ["updated_at", "2016-10-04 19:47:21.700295"]]
  [1m[35m (64.0ms)[0m  COMMIT
Redirected to http://localhost:3000/Access/login
Completed 302 Found in 147ms (ActiveRecord: 67.2ms)


Started GET "/Access/login" for ::1 at 2016-10-04 19:47:21 -0400
Processing by AccessController#login as HTML
  Rendered access/login.html.erb within layouts/application (17.4ms)
Completed 200 OK in 29ms (Views: 28.2ms | ActiveRecord: 0.0ms)


Started POST "/access/attempt_login" for ::1 at 2016-10-04 19:47:27 -0400
Processing by AccessController#attempt_login as HTML
  Parameters: {"utf8"=>"✓", "authenticity_token"=>"HtaGqLA6C475UxDXKVJYi+THSOjVX3ckBju7/kALP+MRw8ezonzckmpzlOjr3bz10sDD9G5Y8NDurxAD5Ez/hQ==", "username"=>"abcd", "password"=>"[FILTERED]", "commit"=>"Login"}
  [1m[36mUser Load (0.3ms)[0m  [1mSELECT  "users".* FROM "users" WHERE "users"."username" = $1  ORDER BY "users"."id" ASC LIMIT 1[0m  [["username", "abcd"]]
  [1m[35mUser Load (0.3ms)[0m  SELECT  "users"."id" FROM "users" WHERE "users"."username" = $1  ORDER BY "users"."id" ASC LIMIT 1  [["username", "abcd"]]
  [1m[36mUser Load (0.1ms)[0m  [1mSELECT  "users"."username" FROM "users" WHERE "users"."username" = $1  ORDER BY "users"."id" ASC LIMIT 1[0m  [["username", "abcd"]]
Redirected to http://localhost:3000/access/roomuser
Completed 302 Found in 71ms (ActiveRecord: 0.7ms)


Started GET "/access/roomuser" for ::1 at 2016-10-04 19:47:27 -0400
Processing by AccessController#roomuser as HTML
  [1m[35mUser Load (0.2ms)[0m  SELECT  "users".* FROM "users" WHERE "users"."id" = $1 LIMIT 1  [["id", 13]]
  Rendered access/roomuser.html.erb within layouts/application (25.6ms)
Completed 200 OK in 38ms (Views: 37.4ms | ActiveRecord: 0.2ms)


Started GET "/Access/login" for ::1 at 2016-10-04 19:47:30 -0400
Processing by AccessController#login as HTML
  Rendered access/login.html.erb within layouts/application (24.4ms)
Completed 200 OK in 38ms (Views: 37.8ms | ActiveRecord: 0.0ms)
  [1m[36mActiveRecord::SchemaMigration Load (0.3ms)[0m  [1mSELECT "schema_migrations".* FROM "schema_migrations"[0m
  [1m[35mActiveRecord::SchemaMigration Load (0.1ms)[0m  SELECT "schema_migrations".* FROM "schema_migrations"
  [1m[36m (1.8ms)[0m  [1mSELECT t2.oid::regclass::text AS to_table, a1.attname AS column, a2.attname AS primary_key, c.conname AS name, c.confupdtype AS on_update, c.confdeltype AS on_delete
FROM pg_constraint c
JOIN pg_class t1 ON c.conrelid = t1.oid
JOIN pg_class t2 ON c.confrelid = t2.oid
JOIN pg_attribute a1 ON a1.attnum = c.conkey[1] AND a1.attrelid = t1.oid
JOIN pg_attribute a2 ON a2.attnum = c.confkey[1] AND a2.attrelid = t2.oid
JOIN pg_namespace t3 ON c.connamespace = t3.oid
WHERE c.contype = 'f'
  AND t1.relname = 'bookings'
  AND t3.nspname = ANY (current_schemas(false))
ORDER BY c.conname
[0m
  [1m[35m (1.5ms)[0m  SELECT t2.oid::regclass::text AS to_table, a1.attname AS column, a2.attname AS primary_key, c.conname AS name, c.confupdtype AS on_update, c.confdeltype AS on_delete
FROM pg_constraint c
JOIN pg_class t1 ON c.conrelid = t1.oid
JOIN pg_class t2 ON c.confrelid = t2.oid
JOIN pg_attribute a1 ON a1.attnum = c.conkey[1] AND a1.attrelid = t1.oid
JOIN pg_attribute a2 ON a2.attnum = c.confkey[1] AND a2.attrelid = t2.oid
JOIN pg_namespace t3 ON c.connamespace = t3.oid
WHERE c.contype = 'f'
  AND t1.relname = 'reservations'
  AND t3.nspname = ANY (current_schemas(false))
ORDER BY c.conname

  [1m[36m (1.3ms)[0m  [1mSELECT t2.oid::regclass::text AS to_table, a1.attname AS column, a2.attname AS primary_key, c.conname AS name, c.confupdtype AS on_update, c.confdeltype AS on_delete
FROM pg_constraint c
JOIN pg_class t1 ON c.conrelid = t1.oid
JOIN pg_class t2 ON c.confrelid = t2.oid
JOIN pg_attribute a1 ON a1.attnum = c.conkey[1] AND a1.attrelid = t1.oid
JOIN pg_attribute a2 ON a2.attnum = c.confkey[1] AND a2.attrelid = t2.oid
JOIN pg_namespace t3 ON c.connamespace = t3.oid
WHERE c.contype = 'f'
  AND t1.relname = 'roomadds'
  AND t3.nspname = ANY (current_schemas(false))
ORDER BY c.conname
[0m
  [1m[35m (2.1ms)[0m  SELECT t2.oid::regclass::text AS to_table, a1.attname AS column, a2.attname AS primary_key, c.conname AS name, c.confupdtype AS on_update, c.confdeltype AS on_delete
FROM pg_constraint c
JOIN pg_class t1 ON c.conrelid = t1.oid
JOIN pg_class t2 ON c.confrelid = t2.oid
JOIN pg_attribute a1 ON a1.attnum = c.conkey[1] AND a1.attrelid = t1.oid
JOIN pg_attribute a2 ON a2.attnum = c.confkey[1] AND a2.attrelid = t2.oid
JOIN pg_namespace t3 ON c.connamespace = t3.oid
WHERE c.contype = 'f'
  AND t1.relname = 'rooms'
  AND t3.nspname = ANY (current_schemas(false))
ORDER BY c.conname

  [1m[36m (2.1ms)[0m  [1mSELECT t2.oid::regclass::text AS to_table, a1.attname AS column, a2.attname AS primary_key, c.conname AS name, c.confupdtype AS on_update, c.confdeltype AS on_delete
FROM pg_constraint c
JOIN pg_class t1 ON c.conrelid = t1.oid
JOIN pg_class t2 ON c.confrelid = t2.oid
JOIN pg_attribute a1 ON a1.attnum = c.conkey[1] AND a1.attrelid = t1.oid
JOIN pg_attribute a2 ON a2.attnum = c.confkey[1] AND a2.attrelid = t2.oid
JOIN pg_namespace t3 ON c.connamespace = t3.oid
WHERE c.contype = 'f'
  AND t1.relname = 'users'
  AND t3.nspname = ANY (current_schemas(false))
ORDER BY c.conname
[0m


Started POST "/access/attempt_login" for ::1 at 2016-10-04 19:53:46 -0400
Processing by AccessController#attempt_login as HTML
  Parameters: {"utf8"=>"✓", "authenticity_token"=>"0lqW5RwQK2cQdjMtqR8yKARCE7KJZOfuq/teozx3bkLdT9f+Dlb8e4NWtxJrkNZWMkWYrjJjYBpDb/VemDCuJA==", "username"=>"admin", "password"=>"[FILTERED]", "isAdmin"=>"1", "commit"=>"Login"}
  [1m[36mUser Load (0.2ms)[0m  [1mSELECT  "users".* FROM "users" WHERE "users"."username" = $1  ORDER BY "users"."id" ASC LIMIT 1[0m  [["username", "admin"]]
  [1m[35mUser Load (0.3ms)[0m  SELECT  "users"."id" FROM "users" WHERE "users"."username" = $1  ORDER BY "users"."id" ASC LIMIT 1  [["username", "admin"]]
  [1m[36mUser Load (0.1ms)[0m  [1mSELECT  "users"."username" FROM "users" WHERE "users"."username" = $1  ORDER BY "users"."id" ASC LIMIT 1[0m  [["username", "admin"]]
  [1m[35mUser Load (0.1ms)[0m  SELECT  "users"."isAdmin" FROM "users" WHERE "users"."username" = $1  ORDER BY "users"."id" ASC LIMIT 1  [["username", "admin"]]
  [1m[36mCACHE (0.0ms)[0m  [1mSELECT  "users"."isAdmin" FROM "users" WHERE "users"."username" = $1  ORDER BY "users"."id" ASC LIMIT 1[0m  [["username", "admin"]]
Redirected to http://localhost:3000/access/roomadmin
Completed 302 Found in 71ms (ActiveRecord: 2.0ms)


Started GET "/access/roomadmin" for ::1 at 2016-10-04 19:53:46 -0400
Processing by AccessController#roomadmin as HTML
  [1m[35mUser Load (0.2ms)[0m  SELECT  "users".* FROM "users" WHERE "users"."id" = $1 LIMIT 1  [["id", 12]]
  Rendered access/roomadmin.html.erb within layouts/application (17.2ms)
Completed 200 OK in 30ms (Views: 28.7ms | ActiveRecord: 0.2ms)


Started GET "/access/manageadmin" for ::1 at 2016-10-04 19:53:48 -0400
Processing by AccessController#manageadmin as HTML
  [1m[36mUser Load (0.3ms)[0m  [1mSELECT "users".* FROM "users" WHERE "users"."isAdmin" = $1 AND ("users"."username" != $2) AND ("users"."username" != $3)  ORDER BY created_at DESC[0m  [["isAdmin", "true"], ["username", "admin"], ["username", "admin"]]
  Rendered access/manageadmin.html.erb within layouts/application (8.1ms)
Completed 200 OK in 31ms (Views: 29.8ms | ActiveRecord: 0.3ms)


Started GET "/Access/login" for ::1 at 2016-10-04 19:53:54 -0400
Processing by AccessController#login as HTML
  Rendered access/login.html.erb within layouts/application (29.5ms)
Completed 200 OK in 41ms (Views: 40.5ms | ActiveRecord: 0.0ms)


Started POST "/access/attempt_login" for ::1 at 2016-10-04 19:54:02 -0400
Processing by AccessController#attempt_login as HTML
  Parameters: {"utf8"=>"✓", "authenticity_token"=>"ky74PhJietlak/AQkLw3RbZvgJ8BPWY0WZXbr8b2/RycO7klACStxcmzdC9SM9M7gGgLg7o64cCxAXBSYrE9eg==", "username"=>"admin1", "password"=>"[FILTERED]", "isAdmin"=>"1", "commit"=>"Login"}
  [1m[35mUser Load (0.2ms)[0m  SELECT  "users".* FROM "users" WHERE "users"."username" = $1  ORDER BY "users"."id" ASC LIMIT 1  [["username", "admin1"]]
  [1m[36mUser Load (0.2ms)[0m  [1mSELECT  "users"."id" FROM "users" WHERE "users"."username" = $1  ORDER BY "users"."id" ASC LIMIT 1[0m  [["username", "admin1"]]
  [1m[35mUser Load (0.1ms)[0m  SELECT  "users"."username" FROM "users" WHERE "users"."username" = $1  ORDER BY "users"."id" ASC LIMIT 1  [["username", "admin1"]]
  [1m[36mUser Load (0.1ms)[0m  [1mSELECT  "users"."isAdmin" FROM "users" WHERE "users"."username" = $1  ORDER BY "users"."id" ASC LIMIT 1[0m  [["username", "admin1"]]
  [1m[35mCACHE (0.0ms)[0m  SELECT  "users"."isAdmin" FROM "users" WHERE "users"."username" = $1  ORDER BY "users"."id" ASC LIMIT 1  [["username", "admin1"]]
Redirected to http://localhost:3000/access/roomadmin
Completed 302 Found in 66ms (ActiveRecord: 0.7ms)


Started GET "/access/roomadmin" for ::1 at 2016-10-04 19:54:02 -0400
Processing by AccessController#roomadmin as HTML
  [1m[36mUser Load (0.2ms)[0m  [1mSELECT  "users".* FROM "users" WHERE "users"."id" = $1 LIMIT 1[0m  [["id", 5]]
  Rendered access/roomadmin.html.erb within layouts/application (17.7ms)
Completed 200 OK in 28ms (Views: 27.4ms | ActiveRecord: 0.2ms)


Started GET "/access/manageadmin" for ::1 at 2016-10-04 19:54:04 -0400
Processing by AccessController#manageadmin as HTML
  [1m[35mUser Load (0.3ms)[0m  SELECT "users".* FROM "users" WHERE "users"."isAdmin" = $1 AND ("users"."username" != $2) AND ("users"."username" != $3)  ORDER BY created_at DESC  [["isAdmin", "true"], ["username", "admin1"], ["username", "admin"]]
  Rendered access/manageadmin.html.erb within layouts/application (4.1ms)
Completed 200 OK in 28ms (Views: 27.4ms | ActiveRecord: 0.3ms)


Started GET "/Access/login" for ::1 at 2016-10-04 19:54:21 -0400
Processing by AccessController#login as HTML
  Rendered access/login.html.erb within layouts/application (23.7ms)
Completed 200 OK in 35ms (Views: 34.1ms | ActiveRecord: 0.0ms)
  [1m[36mUser Load (0.5ms)[0m  [1mSELECT  "users".* FROM "users"  ORDER BY "users"."id" DESC LIMIT 1[0m
  [1m[35m (0.1ms)[0m  BEGIN
  [1m[36mUser Exists (0.7ms)[0m  [1mSELECT  1 AS one FROM "users" WHERE "users"."username" = 'admin12' LIMIT 1[0m
  [1m[35mUser Exists (0.2ms)[0m  SELECT  1 AS one FROM "users" WHERE "users"."email" = 'test@test.com' LIMIT 1
  [1m[36mSQL (0.3ms)[0m  [1mINSERT INTO "users" ("username", "password_digest", "email", "isAdmin", "created_at", "updated_at") VALUES ($1, $2, $3, $4, $5, $6) RETURNING "id"[0m  [["username", "admin12"], ["password_digest", "$2a$10$JW7QUJ79kSg.P7R4fsbpY.YNLTZndkXqdXlepo/yftY6uKniXQztC"], ["email", "test@test.com"], ["isAdmin", "true"], ["created_at", "2016-10-04 20:08:41.294022"], ["updated_at", "2016-10-04 20:08:41.294022"]]
  [1m[35m (73.1ms)[0m  COMMIT


Started POST "/access/attempt_login" for ::1 at 2016-10-04 20:17:45 -0400
Processing by AccessController#attempt_login as HTML
  Parameters: {"utf8"=>"✓", "authenticity_token"=>"RKS0LEVCdoPjb+ypD20I/373RfNNgXRWHd1Zwf9qTV1LsfU3VwShn3BPaJbN4uyBSPDO7/aG86L1SfI8Wy2NOw==", "username"=>"admin", "password"=>"[FILTERED]", "isAdmin"=>"1", "commit"=>"Login"}
  [1m[36mUser Load (0.3ms)[0m  [1mSELECT  "users".* FROM "users" WHERE "users"."username" = $1  ORDER BY "users"."id" ASC LIMIT 1[0m  [["username", "admin"]]
  [1m[35mUser Load (0.3ms)[0m  SELECT  "users"."id" FROM "users" WHERE "users"."username" = $1  ORDER BY "users"."id" ASC LIMIT 1  [["username", "admin"]]
  [1m[36mUser Load (0.2ms)[0m  [1mSELECT  "users"."username" FROM "users" WHERE "users"."username" = $1  ORDER BY "users"."id" ASC LIMIT 1[0m  [["username", "admin"]]
  [1m[35mUser Load (0.1ms)[0m  SELECT  "users"."isAdmin" FROM "users" WHERE "users"."username" = $1  ORDER BY "users"."id" ASC LIMIT 1  [["username", "admin"]]
  [1m[36mCACHE (0.0ms)[0m  [1mSELECT  "users"."isAdmin" FROM "users" WHERE "users"."username" = $1  ORDER BY "users"."id" ASC LIMIT 1[0m  [["username", "admin"]]
Redirected to http://localhost:3000/access/roomadmin
Completed 302 Found in 73ms (ActiveRecord: 0.8ms)


Started GET "/access/roomadmin" for ::1 at 2016-10-04 20:17:45 -0400
Processing by AccessController#roomadmin as HTML
  [1m[35mUser Load (0.2ms)[0m  SELECT  "users".* FROM "users" WHERE "users"."id" = $1 LIMIT 1  [["id", 12]]
  Rendered access/roomadmin.html.erb within layouts/application (17.6ms)
Completed 200 OK in 28ms (Views: 27.5ms | ActiveRecord: 0.2ms)


Started GET "/access/viewmembers" for ::1 at 2016-10-04 20:17:49 -0400
Processing by AccessController#viewmembers as HTML
  [1m[36mUser Load (0.3ms)[0m  [1mSELECT "users".* FROM "users" WHERE "users"."isAdmin" IS NULL[0m
  Rendered access/viewmembers.html.erb within layouts/application (13.4ms)
Completed 200 OK in 39ms (Views: 37.7ms | ActiveRecord: 0.3ms)


Started GET "/access/viewallbooking" for ::1 at 2016-10-04 20:25:59 -0400
Processing by AccessController#viewallbooking as HTML
  [1m[35mBooking Load (0.3ms)[0m  SELECT "bookings".* FROM "bookings"
  Rendered access/viewallbooking.html.erb within layouts/application (29.0ms)
Completed 200 OK in 42ms (Views: 39.0ms | ActiveRecord: 1.5ms)


Started GET "/rooms/index" for ::1 at 2016-10-04 20:26:07 -0400
Processing by RoomsController#index as HTML
  [1m[36mRoomadd Load (0.7ms)[0m  [1mSELECT "roomadds".* FROM "roomadds"[0m
  Rendered rooms/index.html.erb within layouts/application (11.7ms)
Completed 200 OK in 42ms (Views: 35.3ms | ActiveRecord: 2.0ms)


Started GET "/access/viewmembers" for ::1 at 2016-10-04 20:26:10 -0400
Processing by AccessController#viewmembers as HTML
  [1m[35mUser Load (0.3ms)[0m  SELECT "users".* FROM "users" WHERE "users"."isAdmin" IS NULL
  Rendered access/viewmembers.html.erb within layouts/application (12.7ms)
Completed 200 OK in 44ms (Views: 39.2ms | ActiveRecord: 1.4ms)


Started GET "/Access/destroy/10?data%5Bconfirm%5D=Are+you+sure%3F&method=delete" for ::1 at 2016-10-04 20:26:13 -0400
Processing by AccessController#destroy as HTML
  Parameters: {"data"=>{"confirm"=>"Are you sure?"}, "method"=>"delete", "id"=>"10"}
  [1m[36mUser Load (0.2ms)[0m  [1mSELECT  "users".* FROM "users" WHERE "users"."id" = $1 LIMIT 1[0m  [["id", 10]]
Completed 500 Internal Server Error in 2ms (ActiveRecord: 0.2ms)

ArgumentError (wrong number of arguments (given 0, expected 1)):
  app/controllers/access_controller.rb:49:in `destroy'


  Rendered /Users/Bala/.rvm/gems/ruby-2.3.0/gems/actionpack-4.2.5.1/lib/action_dispatch/middleware/templates/rescues/_source.erb (4.2ms)
  Rendered /Users/Bala/.rvm/gems/ruby-2.3.0/gems/actionpack-4.2.5.1/lib/action_dispatch/middleware/templates/rescues/_trace.html.erb (1.7ms)
  Rendered /Users/Bala/.rvm/gems/ruby-2.3.0/gems/actionpack-4.2.5.1/lib/action_dispatch/middleware/templates/rescues/_request_and_response.html.erb (1.0ms)
  Rendered /Users/Bala/.rvm/gems/ruby-2.3.0/gems/actionpack-4.2.5.1/lib/action_dispatch/middleware/templates/rescues/diagnostics.html.erb within rescues/layout (50.0ms)
  Rendered /Users/Bala/.rvm/gems/ruby-2.3.0/gems/web-console-2.3.0/lib/web_console/templates/_markup.html.erb (0.4ms)
  Rendered /Users/Bala/.rvm/gems/ruby-2.3.0/gems/web-console-2.3.0/lib/web_console/templates/_inner_console_markup.html.erb within layouts/inlined_string (0.4ms)
  Rendered /Users/Bala/.rvm/gems/ruby-2.3.0/gems/web-console-2.3.0/lib/web_console/templates/_prompt_box_markup.html.erb within layouts/inlined_string (0.3ms)
  Rendered /Users/Bala/.rvm/gems/ruby-2.3.0/gems/web-console-2.3.0/lib/web_console/templates/style.css.erb within layouts/inlined_string (0.3ms)
  Rendered /Users/Bala/.rvm/gems/ruby-2.3.0/gems/web-console-2.3.0/lib/web_console/templates/console.js.erb within layouts/javascript (45.7ms)
  Rendered /Users/Bala/.rvm/gems/ruby-2.3.0/gems/web-console-2.3.0/lib/web_console/templates/main.js.erb within layouts/javascript (0.4ms)
  Rendered /Users/Bala/.rvm/gems/ruby-2.3.0/gems/web-console-2.3.0/lib/web_console/templates/error_page.js.erb within layouts/javascript (0.4ms)
  Rendered /Users/Bala/.rvm/gems/ruby-2.3.0/gems/web-console-2.3.0/lib/web_console/templates/index.html.erb (96.6ms)


Started GET "/access/viewmembers" for ::1 at 2016-10-04 20:27:53 -0400
Processing by AccessController#viewmembers as HTML
  [1m[35mUser Load (0.3ms)[0m  SELECT "users".* FROM "users" WHERE "users"."isAdmin" IS NULL
  Rendered access/viewmembers.html.erb within layouts/application (10.6ms)
Completed 200 OK in 41ms (Views: 34.0ms | ActiveRecord: 1.9ms)


Started GET "/access/roomadmin" for ::1 at 2016-10-04 20:27:56 -0400
Processing by AccessController#roomadmin as HTML
  [1m[36mUser Load (0.2ms)[0m  [1mSELECT  "users".* FROM "users" WHERE "users"."id" = $1 LIMIT 1[0m  [["id", 12]]
  Rendered access/roomadmin.html.erb within layouts/application (28.9ms)
Completed 200 OK in 55ms (Views: 52.9ms | ActiveRecord: 0.2ms)


Started GET "/access/manageadmin" for ::1 at 2016-10-04 20:27:58 -0400
Processing by AccessController#manageadmin as HTML
  [1m[35mUser Load (0.3ms)[0m  SELECT "users".* FROM "users" WHERE "users"."isAdmin" = $1 AND ("users"."username" != $2) AND ("users"."username" != $3)  ORDER BY created_at DESC  [["isAdmin", "true"], ["username", "admin"], ["username", "admin"]]
  Rendered access/manageadmin.html.erb within layouts/application (4.2ms)
Completed 200 OK in 33ms (Views: 31.9ms | ActiveRecord: 0.3ms)


Started GET "/access/viewmembers" for ::1 at 2016-10-04 20:28:01 -0400
Processing by AccessController#viewmembers as HTML
  [1m[36mUser Load (1.2ms)[0m  [1mSELECT "users".* FROM "users" WHERE "users"."isAdmin" IS NULL[0m
  Rendered access/viewmembers.html.erb within layouts/application (6.8ms)
Completed 200 OK in 31ms (Views: 29.3ms | ActiveRecord: 1.2ms)


Started GET "/access/viewallbooking" for ::1 at 2016-10-04 20:28:04 -0400
Processing by AccessController#viewallbooking as HTML
  [1m[35mBooking Load (0.5ms)[0m  SELECT "bookings".* FROM "bookings"
  Rendered access/viewallbooking.html.erb within layouts/application (45.3ms)
Completed 200 OK in 63ms (Views: 58.9ms | ActiveRecord: 2.2ms)


Started GET "/access/viewmembers" for ::1 at 2016-10-04 20:28:06 -0400
Processing by AccessController#viewmembers as HTML
  [1m[36mUser Load (0.3ms)[0m  [1mSELECT "users".* FROM "users" WHERE "users"."isAdmin" IS NULL[0m
  Rendered access/viewmembers.html.erb within layouts/application (4.5ms)
Completed 200 OK in 36ms (Views: 35.2ms | ActiveRecord: 0.3ms)


Started GET "/Access/destroy/10?data%5Bconfirm%5D=Are+you+sure%3F&method=delete" for ::1 at 2016-10-04 20:28:08 -0400
Processing by AccessController#destroy as HTML
  Parameters: {"data"=>{"confirm"=>"Are you sure?"}, "method"=>"delete", "id"=>"10"}
  [1m[35mUser Load (0.1ms)[0m  SELECT  "users".* FROM "users" WHERE "users"."id" = $1 LIMIT 1  [["id", 10]]
  [1m[36mSQL (0.8ms)[0m  [1mDELETE FROM "bookings" WHERE "bookings"."name" = $1[0m  [["name", "user5"]]
  [1m[35m (0.1ms)[0m  BEGIN
  [1m[36mSQL (1.6ms)[0m  [1mDELETE FROM "users" WHERE "users"."id" = $1[0m  [["id", 10]]
  [1m[35m (0.3ms)[0m  COMMIT
Redirected to http://localhost:3000/Access/viewmembers
Completed 302 Found in 6ms (ActiveRecord: 2.9ms)


Started GET "/Access/viewmembers" for ::1 at 2016-10-04 20:28:08 -0400
Processing by AccessController#viewmembers as HTML
  [1m[36mUser Load (0.3ms)[0m  [1mSELECT "users".* FROM "users" WHERE "users"."isAdmin" IS NULL[0m
  Rendered access/viewmembers.html.erb within layouts/application (5.7ms)
Completed 200 OK in 38ms (Views: 36.9ms | ActiveRecord: 0.3ms)


Started GET "/access/viewallbooking" for ::1 at 2016-10-04 20:28:12 -0400
Processing by AccessController#viewallbooking as HTML
  [1m[35mBooking Load (2.0ms)[0m  SELECT "bookings".* FROM "bookings"
  Rendered access/viewallbooking.html.erb within layouts/application (37.3ms)
Completed 200 OK in 48ms (Views: 45.4ms | ActiveRecord: 2.0ms)


Started GET "/rooms/index" for ::1 at 2016-10-04 20:28:39 -0400
Processing by RoomsController#index as HTML
  [1m[36mRoomadd Load (0.4ms)[0m  [1mSELECT "roomadds".* FROM "roomadds"[0m
  Rendered rooms/index.html.erb within layouts/application (11.8ms)
Completed 200 OK in 46ms (Views: 41.6ms | ActiveRecord: 1.8ms)


Started GET "/access/viewallbooking" for ::1 at 2016-10-04 20:35:10 -0400
Processing by AccessController#viewallbooking as HTML
  [1m[35mBooking Load (0.4ms)[0m  SELECT "bookings".* FROM "bookings"
  Rendered access/viewallbooking.html.erb within layouts/application (34.7ms)
Completed 200 OK in 56ms (Views: 52.1ms | ActiveRecord: 1.8ms)


Started GET "/rooms/index" for ::1 at 2016-10-04 20:35:18 -0400
Processing by RoomsController#index as HTML
  [1m[36mRoomadd Load (0.2ms)[0m  [1mSELECT "roomadds".* FROM "roomadds"[0m
  Rendered rooms/index.html.erb within layouts/application (10.7ms)
Completed 200 OK in 52ms (Views: 47.7ms | ActiveRecord: 1.7ms)


Started DELETE "/rooms/11" for ::1 at 2016-10-04 20:35:27 -0400
Processing by RoomsController#destroy as HTML
  Parameters: {"authenticity_token"=>"rfqC7e5kx1Odz2Znef/DOar0HgnDSebJIBlS/0uKDNOi78P2/CIQTw7v4li7cCdHnPOVFXhOYT3IjfkC783MtQ==", "id"=>"11"}
  [1m[35mRoomadd Load (0.4ms)[0m  SELECT  "roomadds".* FROM "roomadds" WHERE "roomadds"."id" = $1 LIMIT 1  [["id", 11]]
  [1m[36m (0.1ms)[0m  [1mBEGIN[0m
  [1m[35mSQL (0.1ms)[0m  DELETE FROM "roomadds" WHERE "roomadds"."id" = $1  [["id", 11]]
  [1m[36m (0.7ms)[0m  [1mCOMMIT[0m
  [1m[35mSQL (0.3ms)[0m  DELETE FROM "bookings" WHERE "bookings"."roomnum" = $1  [["roomnum", "102"]]
Completed 500 Internal Server Error in 5ms (ActiveRecord: 1.7ms)

NoMethodError (undefined method `destroy' for nil:NilClass):
  app/controllers/rooms_controller.rb:41:in `destroy'


  Rendered /Users/Bala/.rvm/gems/ruby-2.3.0/gems/actionpack-4.2.5.1/lib/action_dispatch/middleware/templates/rescues/_source.erb (3.2ms)
  Rendered /Users/Bala/.rvm/gems/ruby-2.3.0/gems/actionpack-4.2.5.1/lib/action_dispatch/middleware/templates/rescues/_trace.html.erb (1.9ms)
  Rendered /Users/Bala/.rvm/gems/ruby-2.3.0/gems/actionpack-4.2.5.1/lib/action_dispatch/middleware/templates/rescues/_request_and_response.html.erb (0.7ms)
  Rendered /Users/Bala/.rvm/gems/ruby-2.3.0/gems/actionpack-4.2.5.1/lib/action_dispatch/middleware/templates/rescues/diagnostics.html.erb within rescues/layout (40.2ms)
  Rendered /Users/Bala/.rvm/gems/ruby-2.3.0/gems/web-console-2.3.0/lib/web_console/templates/_markup.html.erb (0.4ms)
  Rendered /Users/Bala/.rvm/gems/ruby-2.3.0/gems/web-console-2.3.0/lib/web_console/templates/_inner_console_markup.html.erb within layouts/inlined_string (0.2ms)
  Rendered /Users/Bala/.rvm/gems/ruby-2.3.0/gems/web-console-2.3.0/lib/web_console/templates/_prompt_box_markup.html.erb within layouts/inlined_string (0.3ms)
  Rendered /Users/Bala/.rvm/gems/ruby-2.3.0/gems/web-console-2.3.0/lib/web_console/templates/style.css.erb within layouts/inlined_string (0.4ms)
  Rendered /Users/Bala/.rvm/gems/ruby-2.3.0/gems/web-console-2.3.0/lib/web_console/templates/console.js.erb within layouts/javascript (34.3ms)
  Rendered /Users/Bala/.rvm/gems/ruby-2.3.0/gems/web-console-2.3.0/lib/web_console/templates/main.js.erb within layouts/javascript (0.3ms)
  Rendered /Users/Bala/.rvm/gems/ruby-2.3.0/gems/web-console-2.3.0/lib/web_console/templates/error_page.js.erb within layouts/javascript (0.4ms)
  Rendered /Users/Bala/.rvm/gems/ruby-2.3.0/gems/web-console-2.3.0/lib/web_console/templates/index.html.erb (76.5ms)


Started DELETE "/rooms/11" for ::1 at 2016-10-04 20:35:46 -0400
Processing by RoomsController#destroy as HTML
  Parameters: {"authenticity_token"=>"rfqC7e5kx1Odz2Znef/DOar0HgnDSebJIBlS/0uKDNOi78P2/CIQTw7v4li7cCdHnPOVFXhOYT3IjfkC783MtQ==", "id"=>"11"}
  [1m[36mRoomadd Load (0.3ms)[0m  [1mSELECT  "roomadds".* FROM "roomadds" WHERE "roomadds"."id" = $1 LIMIT 1[0m  [["id", 11]]
Completed 404 Not Found in 5ms (ActiveRecord: 1.5ms)

ActiveRecord::RecordNotFound (Couldn't find Roomadd with 'id'=11):
  app/controllers/rooms_controller.rb:37:in `destroy'


  Rendered /Users/Bala/.rvm/gems/ruby-2.3.0/gems/actionpack-4.2.5.1/lib/action_dispatch/middleware/templates/rescues/_source.erb (3.6ms)
  Rendered /Users/Bala/.rvm/gems/ruby-2.3.0/gems/actionpack-4.2.5.1/lib/action_dispatch/middleware/templates/rescues/_trace.html.erb (1.7ms)
  Rendered /Users/Bala/.rvm/gems/ruby-2.3.0/gems/actionpack-4.2.5.1/lib/action_dispatch/middleware/templates/rescues/_request_and_response.html.erb (0.8ms)
  Rendered /Users/Bala/.rvm/gems/ruby-2.3.0/gems/actionpack-4.2.5.1/lib/action_dispatch/middleware/templates/rescues/diagnostics.html.erb within rescues/layout (42.2ms)
  Rendered /Users/Bala/.rvm/gems/ruby-2.3.0/gems/web-console-2.3.0/lib/web_console/templates/_markup.html.erb (0.5ms)
  Rendered /Users/Bala/.rvm/gems/ruby-2.3.0/gems/web-console-2.3.0/lib/web_console/templates/_inner_console_markup.html.erb within layouts/inlined_string (0.3ms)
  Rendered /Users/Bala/.rvm/gems/ruby-2.3.0/gems/web-console-2.3.0/lib/web_console/templates/_prompt_box_markup.html.erb within layouts/inlined_string (0.3ms)
  Rendered /Users/Bala/.rvm/gems/ruby-2.3.0/gems/web-console-2.3.0/lib/web_console/templates/style.css.erb within layouts/inlined_string (0.4ms)
  Rendered /Users/Bala/.rvm/gems/ruby-2.3.0/gems/web-console-2.3.0/lib/web_console/templates/console.js.erb within layouts/javascript (35.8ms)
  Rendered /Users/Bala/.rvm/gems/ruby-2.3.0/gems/web-console-2.3.0/lib/web_console/templates/main.js.erb within layouts/javascript (0.3ms)
  Rendered /Users/Bala/.rvm/gems/ruby-2.3.0/gems/web-console-2.3.0/lib/web_console/templates/error_page.js.erb within layouts/javascript (0.3ms)
  Rendered /Users/Bala/.rvm/gems/ruby-2.3.0/gems/web-console-2.3.0/lib/web_console/templates/index.html.erb (76.2ms)


Started DELETE "/rooms/11" for ::1 at 2016-10-04 20:35:54 -0400
Processing by RoomsController#destroy as HTML
  Parameters: {"authenticity_token"=>"rfqC7e5kx1Odz2Znef/DOar0HgnDSebJIBlS/0uKDNOi78P2/CIQTw7v4li7cCdHnPOVFXhOYT3IjfkC783MtQ==", "id"=>"11"}
  [1m[35mRoomadd Load (0.2ms)[0m  SELECT  "roomadds".* FROM "roomadds" WHERE "roomadds"."id" = $1 LIMIT 1  [["id", 11]]
Completed 404 Not Found in 1ms (ActiveRecord: 0.2ms)

ActiveRecord::RecordNotFound (Couldn't find Roomadd with 'id'=11):
  app/controllers/rooms_controller.rb:37:in `destroy'


  Rendered /Users/Bala/.rvm/gems/ruby-2.3.0/gems/actionpack-4.2.5.1/lib/action_dispatch/middleware/templates/rescues/_source.erb (5.6ms)
  Rendered /Users/Bala/.rvm/gems/ruby-2.3.0/gems/actionpack-4.2.5.1/lib/action_dispatch/middleware/templates/rescues/_trace.html.erb (4.1ms)
  Rendered /Users/Bala/.rvm/gems/ruby-2.3.0/gems/actionpack-4.2.5.1/lib/action_dispatch/middleware/templates/rescues/_request_and_response.html.erb (1.1ms)
  Rendered /Users/Bala/.rvm/gems/ruby-2.3.0/gems/actionpack-4.2.5.1/lib/action_dispatch/middleware/templates/rescues/diagnostics.html.erb within rescues/layout (52.2ms)
  Rendered /Users/Bala/.rvm/gems/ruby-2.3.0/gems/web-console-2.3.0/lib/web_console/templates/_markup.html.erb (0.7ms)
  Rendered /Users/Bala/.rvm/gems/ruby-2.3.0/gems/web-console-2.3.0/lib/web_console/templates/_inner_console_markup.html.erb within layouts/inlined_string (0.6ms)
  Rendered /Users/Bala/.rvm/gems/ruby-2.3.0/gems/web-console-2.3.0/lib/web_console/templates/_prompt_box_markup.html.erb within layouts/inlined_string (0.3ms)
  Rendered /Users/Bala/.rvm/gems/ruby-2.3.0/gems/web-console-2.3.0/lib/web_console/templates/style.css.erb within layouts/inlined_string (0.4ms)
  Rendered /Users/Bala/.rvm/gems/ruby-2.3.0/gems/web-console-2.3.0/lib/web_console/templates/console.js.erb within layouts/javascript (41.9ms)
  Rendered /Users/Bala/.rvm/gems/ruby-2.3.0/gems/web-console-2.3.0/lib/web_console/templates/main.js.erb within layouts/javascript (0.2ms)
  Rendered /Users/Bala/.rvm/gems/ruby-2.3.0/gems/web-console-2.3.0/lib/web_console/templates/error_page.js.erb within layouts/javascript (1.5ms)
  Rendered /Users/Bala/.rvm/gems/ruby-2.3.0/gems/web-console-2.3.0/lib/web_console/templates/index.html.erb (85.8ms)


Started GET "/rooms/index" for ::1 at 2016-10-04 20:36:23 -0400
Processing by RoomsController#index as HTML
  [1m[36mRoomadd Load (0.2ms)[0m  [1mSELECT "roomadds".* FROM "roomadds"[0m
  Rendered rooms/index.html.erb within layouts/application (8.1ms)
Completed 200 OK in 40ms (Views: 39.4ms | ActiveRecord: 0.2ms)


Started GET "/assets/_normalize.self-0b26062fb4fc16759ec153e6726e7a9b2690a75a0ace20dcf9b39b4b919d2162.css?body=1" for ::1 at 2016-10-04 20:36:23 -0400


Started GET "/assets/login.self-e3b0c44298fc1c149afbf4c8996fb92427ae41e4649b934ca495991b7852b855.css?body=1" for ::1 at 2016-10-04 20:36:23 -0400


Started GET "/assets/reservations.self-e3b0c44298fc1c149afbf4c8996fb92427ae41e4649b934ca495991b7852b855.css?body=1" for ::1 at 2016-10-04 20:36:23 -0400


Started GET "/assets/access.self-e3b0c44298fc1c149afbf4c8996fb92427ae41e4649b934ca495991b7852b855.css?body=1" for ::1 at 2016-10-04 20:36:23 -0400


Started GET "/assets/application.self-aeb03498ea2a884677e69a2903790501554737debaf94d2e4575fde86f31acb0.css?body=1" for ::1 at 2016-10-04 20:36:23 -0400


Started GET "/assets/rooms.self-e3b0c44298fc1c149afbf4c8996fb92427ae41e4649b934ca495991b7852b855.css?body=1" for ::1 at 2016-10-04 20:36:23 -0400


Started GET "/assets/users.self-e3b0c44298fc1c149afbf4c8996fb92427ae41e4649b934ca495991b7852b855.css?body=1" for ::1 at 2016-10-04 20:36:23 -0400


Started GET "/assets/jquery.self-bd7ddd393353a8d2480a622e80342adf488fb6006d667e8b42e4c0073393abee.js?body=1" for ::1 at 2016-10-04 20:36:23 -0400


Started GET "/assets/jquery_ujs.self-784a997f6726036b1993eb2217c9cb558e1cbb801c6da88105588c56f13b466a.js?body=1" for ::1 at 2016-10-04 20:36:23 -0400


Started GET "/assets/turbolinks.self-c5acd7a204f5f25ce7a1d8a0e4d92e28d34c9e2df2c7371cd7af88e147e4ad82.js?body=1" for ::1 at 2016-10-04 20:36:23 -0400


Started GET "/assets/access.self-877aef30ae1b040ab8a3aba4e3e309a11d7f2612f44dde450b5c157aa5f95c05.js?body=1" for ::1 at 2016-10-04 20:36:23 -0400


Started GET "/assets/login.self-877aef30ae1b040ab8a3aba4e3e309a11d7f2612f44dde450b5c157aa5f95c05.js?body=1" for ::1 at 2016-10-04 20:36:23 -0400


Started GET "/assets/reservations.self-877aef30ae1b040ab8a3aba4e3e309a11d7f2612f44dde450b5c157aa5f95c05.js?body=1" for ::1 at 2016-10-04 20:36:23 -0400


Started GET "/assets/rooms.self-877aef30ae1b040ab8a3aba4e3e309a11d7f2612f44dde450b5c157aa5f95c05.js?body=1" for ::1 at 2016-10-04 20:36:23 -0400


Started GET "/assets/users.self-877aef30ae1b040ab8a3aba4e3e309a11d7f2612f44dde450b5c157aa5f95c05.js?body=1" for ::1 at 2016-10-04 20:36:23 -0400


Started GET "/assets/application.self-3b8dabdc891efe46b9a144b400ad69e37d7e5876bdc39dee783419a69d7ca819.js?body=1" for ::1 at 2016-10-04 20:36:23 -0400


Started GET "/access/viewallbooking" for ::1 at 2016-10-04 20:36:28 -0400
Processing by AccessController#viewallbooking as HTML
  [1m[35mBooking Load (0.3ms)[0m  SELECT "bookings".* FROM "bookings"
  Rendered access/viewallbooking.html.erb within layouts/application (31.1ms)
Completed 200 OK in 48ms (Views: 44.0ms | ActiveRecord: 1.1ms)


Started GET "/access/viewmembers" for ::1 at 2016-10-04 20:36:37 -0400
Processing by AccessController#viewmembers as HTML
  [1m[36mUser Load (0.3ms)[0m  [1mSELECT "users".* FROM "users" WHERE "users"."isAdmin" IS NULL[0m
  Rendered access/viewmembers.html.erb within layouts/application (12.7ms)
Completed 200 OK in 40ms (Views: 35.3ms | ActiveRecord: 1.7ms)


Started GET "/access/viewallbooking" for ::1 at 2016-10-04 20:36:44 -0400
Processing by AccessController#viewallbooking as HTML
  [1m[35mBooking Load (0.5ms)[0m  SELECT "bookings".* FROM "bookings"
  Rendered access/viewallbooking.html.erb within layouts/application (38.9ms)
Completed 200 OK in 57ms (Views: 55.6ms | ActiveRecord: 0.5ms)


Started GET "/access/viewmembers" for ::1 at 2016-10-04 20:37:11 -0400
Processing by AccessController#viewmembers as HTML
  [1m[36mUser Load (0.3ms)[0m  [1mSELECT "users".* FROM "users" WHERE "users"."isAdmin" IS NULL[0m
  Rendered access/viewmembers.html.erb within layouts/application (4.2ms)
Completed 200 OK in 39ms (Views: 38.3ms | ActiveRecord: 0.3ms)


Started GET "/access/manageadmin" for ::1 at 2016-10-04 20:37:14 -0400
Processing by AccessController#manageadmin as HTML
  [1m[35mUser Load (0.3ms)[0m  SELECT "users".* FROM "users" WHERE "users"."isAdmin" = $1 AND ("users"."username" != $2) AND ("users"."username" != $3)  ORDER BY created_at DESC  [["isAdmin", "true"], ["username", "admin"], ["username", "admin"]]
  Rendered access/manageadmin.html.erb within layouts/application (3.7ms)
Completed 200 OK in 30ms (Views: 29.5ms | ActiveRecord: 0.3ms)


Started GET "/access/viewmembers" for ::1 at 2016-10-04 20:37:34 -0400
Processing by AccessController#viewmembers as HTML
  [1m[36mUser Load (0.3ms)[0m  [1mSELECT "users".* FROM "users" WHERE "users"."isAdmin" IS NULL[0m
  Rendered access/viewmembers.html.erb within layouts/application (3.9ms)
Completed 200 OK in 33ms (Views: 32.2ms | ActiveRecord: 0.3ms)


Started GET "/access/viewmembers" for ::1 at 2016-10-04 20:39:25 -0400
Processing by AccessController#viewmembers as HTML
  [1m[35mUser Load (0.3ms)[0m  SELECT "users".* FROM "users" WHERE "users"."isAdmin" IS NULL
  Rendered access/viewmembers.html.erb within layouts/application (8.5ms)
Completed 200 OK in 35ms (Views: 31.0ms | ActiveRecord: 1.3ms)


Started GET "/assets/_normalize.self-0b26062fb4fc16759ec153e6726e7a9b2690a75a0ace20dcf9b39b4b919d2162.css?body=1" for ::1 at 2016-10-04 20:39:25 -0400


Started GET "/assets/access.self-e3b0c44298fc1c149afbf4c8996fb92427ae41e4649b934ca495991b7852b855.css?body=1" for ::1 at 2016-10-04 20:39:25 -0400


Started GET "/assets/login.self-e3b0c44298fc1c149afbf4c8996fb92427ae41e4649b934ca495991b7852b855.css?body=1" for ::1 at 2016-10-04 20:39:25 -0400


Started GET "/assets/rooms.self-e3b0c44298fc1c149afbf4c8996fb92427ae41e4649b934ca495991b7852b855.css?body=1" for ::1 at 2016-10-04 20:39:25 -0400


Started GET "/assets/reservations.self-e3b0c44298fc1c149afbf4c8996fb92427ae41e4649b934ca495991b7852b855.css?body=1" for ::1 at 2016-10-04 20:39:25 -0400


Started GET "/assets/users.self-e3b0c44298fc1c149afbf4c8996fb92427ae41e4649b934ca495991b7852b855.css?body=1" for ::1 at 2016-10-04 20:39:25 -0400


Started GET "/assets/application.self-aeb03498ea2a884677e69a2903790501554737debaf94d2e4575fde86f31acb0.css?body=1" for ::1 at 2016-10-04 20:39:25 -0400


Started GET "/assets/jquery.self-bd7ddd393353a8d2480a622e80342adf488fb6006d667e8b42e4c0073393abee.js?body=1" for ::1 at 2016-10-04 20:39:25 -0400


Started GET "/assets/jquery_ujs.self-784a997f6726036b1993eb2217c9cb558e1cbb801c6da88105588c56f13b466a.js?body=1" for ::1 at 2016-10-04 20:39:25 -0400


Started GET "/assets/turbolinks.self-c5acd7a204f5f25ce7a1d8a0e4d92e28d34c9e2df2c7371cd7af88e147e4ad82.js?body=1" for ::1 at 2016-10-04 20:39:25 -0400


Started GET "/assets/access.self-877aef30ae1b040ab8a3aba4e3e309a11d7f2612f44dde450b5c157aa5f95c05.js?body=1" for ::1 at 2016-10-04 20:39:25 -0400


Started GET "/assets/login.self-877aef30ae1b040ab8a3aba4e3e309a11d7f2612f44dde450b5c157aa5f95c05.js?body=1" for ::1 at 2016-10-04 20:39:25 -0400


Started GET "/assets/reservations.self-877aef30ae1b040ab8a3aba4e3e309a11d7f2612f44dde450b5c157aa5f95c05.js?body=1" for ::1 at 2016-10-04 20:39:25 -0400


Started GET "/assets/rooms.self-877aef30ae1b040ab8a3aba4e3e309a11d7f2612f44dde450b5c157aa5f95c05.js?body=1" for ::1 at 2016-10-04 20:39:25 -0400


Started GET "/assets/users.self-877aef30ae1b040ab8a3aba4e3e309a11d7f2612f44dde450b5c157aa5f95c05.js?body=1" for ::1 at 2016-10-04 20:39:25 -0400


Started GET "/assets/application.self-3b8dabdc891efe46b9a144b400ad69e37d7e5876bdc39dee783419a69d7ca819.js?body=1" for ::1 at 2016-10-04 20:39:25 -0400


Started GET "/access/viewmembers" for ::1 at 2016-10-04 20:39:28 -0400
Processing by AccessController#viewmembers as HTML
  [1m[36mUser Load (0.4ms)[0m  [1mSELECT "users".* FROM "users" WHERE "users"."isAdmin" IS NULL[0m
  Rendered access/viewmembers.html.erb within layouts/application (4.8ms)
Completed 200 OK in 36ms (Views: 35.1ms | ActiveRecord: 0.4ms)


Started GET "/access/manageadmin" for ::1 at 2016-10-04 20:39:30 -0400
Processing by AccessController#manageadmin as HTML
  [1m[35mUser Load (0.4ms)[0m  SELECT "users".* FROM "users" WHERE "users"."isAdmin" = $1 AND ("users"."username" != $2) AND ("users"."username" != $3)  ORDER BY created_at DESC  [["isAdmin", "true"], ["username", "admin"], ["username", "admin"]]
  Rendered access/manageadmin.html.erb within layouts/application (5.7ms)
Completed 200 OK in 30ms (Views: 29.3ms | ActiveRecord: 0.4ms)


Started GET "/access/addadmin" for ::1 at 2016-10-04 20:39:31 -0400
Processing by AccessController#addadmin as HTML
  Rendered access/addadmin.html.erb within layouts/application (30.1ms)
Completed 200 OK in 41ms (Views: 40.4ms | ActiveRecord: 0.0ms)


Started GET "/access/viewmembers" for ::1 at 2016-10-04 20:41:48 -0400
Processing by AccessController#viewmembers as HTML
  [1m[36mUser Load (0.2ms)[0m  [1mSELECT "users".* FROM "users" WHERE "users"."isAdmin" IS NULL[0m
  Rendered access/viewmembers.html.erb within layouts/application (3.7ms)
Completed 200 OK in 35ms (Views: 34.2ms | ActiveRecord: 0.2ms)


Started GET "/access/addmember" for ::1 at 2016-10-04 20:41:49 -0400
Processing by AccessController#addmember as HTML
  Rendered access/addmember.html.erb within layouts/application (29.3ms)
Completed 200 OK in 42ms (Views: 41.9ms | ActiveRecord: 0.0ms)


Started GET "/rooms/index" for ::1 at 2016-10-04 20:41:54 -0400
Processing by RoomsController#index as HTML
  [1m[35mRoomadd Load (0.2ms)[0m  SELECT "roomadds".* FROM "roomadds"
  Rendered rooms/index.html.erb within layouts/application (6.1ms)
Completed 200 OK in 40ms (Views: 35.0ms | ActiveRecord: 0.9ms)


Started GET "/access/viewmembers" for ::1 at 2016-10-04 20:41:58 -0400
Processing by AccessController#viewmembers as HTML
  [1m[36mUser Load (0.4ms)[0m  [1mSELECT "users".* FROM "users" WHERE "users"."isAdmin" IS NULL[0m
  Rendered access/viewmembers.html.erb within layouts/application (5.4ms)
Completed 200 OK in 35ms (Views: 33.4ms | ActiveRecord: 0.4ms)


Started GET "/access/addmember" for ::1 at 2016-10-04 20:42:02 -0400
Processing by AccessController#addmember as HTML
  Rendered access/addmember.html.erb within layouts/application (32.1ms)
Completed 200 OK in 49ms (Views: 48.2ms | ActiveRecord: 0.0ms)


Started GET "/access/roomadmin" for ::1 at 2016-10-04 20:43:36 -0400
Processing by AccessController#roomadmin as HTML
  [1m[35mUser Load (0.1ms)[0m  SELECT  "users".* FROM "users" WHERE "users"."id" = $1 LIMIT 1  [["id", 12]]
  Rendered access/roomadmin.html.erb within layouts/application (20.8ms)
Completed 200 OK in 42ms (Views: 34.5ms | ActiveRecord: 1.3ms)


Started GET "/access/viewmembers" for ::1 at 2016-10-04 20:43:38 -0400
Processing by AccessController#viewmembers as HTML
  [1m[36mUser Load (0.3ms)[0m  [1mSELECT "users".* FROM "users" WHERE "users"."isAdmin" IS NULL[0m
  Rendered access/viewmembers.html.erb within layouts/application (5.1ms)
Completed 200 OK in 42ms (Views: 40.4ms | ActiveRecord: 0.3ms)


Started GET "/access/addmember" for ::1 at 2016-10-04 20:43:39 -0400
Processing by AccessController#addmember as HTML
  Rendered access/addmember.html.erb within layouts/application (31.6ms)
Completed 200 OK in 52ms (Views: 50.9ms | ActiveRecord: 0.0ms)


Started POST "/access/membercreate" for ::1 at 2016-10-04 20:43:54 -0400
Processing by AccessController#membercreate as HTML
  Parameters: {"utf8"=>"✓", "authenticity_token"=>"l9GWm9eNnZKXdMq4Qu8VATF/zvM/KCa3v6oMGC6ShTiYxNeAxctKjgRUToeAYPF/B3hF74QvoUNXPqflitVFXg==", "user"=>{"username"=>"shyam", "email"=>"shyam@ncsu.edu", "password"=>"[FILTERED]", "password_confirmation"=>"[FILTERED]", "isAdmin"=>"false"}, "commit"=>"Create Account"}
Unpermitted parameter: password_confirmation
  [1m[35m (0.2ms)[0m  BEGIN
  [1m[36mUser Exists (0.2ms)[0m  [1mSELECT  1 AS one FROM "users" WHERE "users"."username" = 'shyam' LIMIT 1[0m
  [1m[35mUser Exists (0.2ms)[0m  SELECT  1 AS one FROM "users" WHERE "users"."email" = 'shyam@ncsu.edu' LIMIT 1
  [1m[36mSQL (0.2ms)[0m  [1mINSERT INTO "users" ("username", "password_digest", "email", "isAdmin", "created_at", "updated_at") VALUES ($1, $2, $3, $4, $5, $6) RETURNING "id"[0m  [["username", "shyam"], ["password_digest", "$2a$10$CUrKBNJsijdPEUeZHM4CTOZhN/9YuhA6YOETBqzHO59kljyiP0xK."], ["email", "shyam@ncsu.edu"], ["isAdmin", "false"], ["created_at", "2016-10-04 20:43:54.388866"], ["updated_at", "2016-10-04 20:43:54.388866"]]
  [1m[35m (0.3ms)[0m  COMMIT
Redirected to http://localhost:3000/Access/roomadmin
Completed 302 Found in 70ms (ActiveRecord: 1.0ms)


Started GET "/Access/roomadmin" for ::1 at 2016-10-04 20:43:54 -0400
Processing by AccessController#roomadmin as HTML
  [1m[36mUser Load (0.1ms)[0m  [1mSELECT  "users".* FROM "users" WHERE "users"."id" = $1 LIMIT 1[0m  [["id", 12]]
  Rendered access/roomadmin.html.erb within layouts/application (20.4ms)
Completed 200 OK in 34ms (Views: 33.4ms | ActiveRecord: 0.1ms)


Started GET "/access/viewmembers" for ::1 at 2016-10-04 20:43:57 -0400
Processing by AccessController#viewmembers as HTML
  [1m[35mUser Load (0.3ms)[0m  SELECT "users".* FROM "users" WHERE "users"."isAdmin" IS NULL
  Rendered access/viewmembers.html.erb within layouts/application (4.8ms)
Completed 200 OK in 29ms (Views: 28.2ms | ActiveRecord: 0.3ms)


Started GET "/access/addmember" for ::1 at 2016-10-04 20:44:37 -0400
Processing by AccessController#addmember as HTML
  Rendered access/addmember.html.erb within layouts/application (25.6ms)
Completed 200 OK in 38ms (Views: 37.9ms | ActiveRecord: 0.0ms)


Started POST "/access/membercreate" for ::1 at 2016-10-04 20:44:59 -0400
Processing by AccessController#membercreate as HTML
  Parameters: {"utf8"=>"✓", "authenticity_token"=>"GM5UYSsf8MJ6jPcQa+bjmMTSxyf7sZckP/yjdzrPg+QX2xV6OVkn3umscy+paQfm8tVMO0C2ENDXaAiKnohDgg==", "user"=>{"username"=>"shyam1", "email"=>"shyam1@ncsu.edu", "password"=>"[FILTERED]", "password_confirmation"=>"[FILTERED]", "isAdmin"=>""}, "commit"=>"Create Account"}
Unpermitted parameter: password_confirmation
  [1m[36m (0.1ms)[0m  [1mBEGIN[0m
  [1m[35mUser Exists (0.2ms)[0m  SELECT  1 AS one FROM "users" WHERE "users"."username" = 'shyam1' LIMIT 1
  [1m[36mUser Exists (0.1ms)[0m  [1mSELECT  1 AS one FROM "users" WHERE "users"."email" = 'shyam1@ncsu.edu' LIMIT 1[0m
  [1m[35mSQL (0.2ms)[0m  INSERT INTO "users" ("username", "password_digest", "email", "isAdmin", "created_at", "updated_at") VALUES ($1, $2, $3, $4, $5, $6) RETURNING "id"  [["username", "shyam1"], ["password_digest", "$2a$10$j0ljntl3Asiv9S6C4lYqm.q2MkJFB5Zo6N8.u5LfIt6MMrlQ7/lAa"], ["email", "shyam1@ncsu.edu"], ["isAdmin", ""], ["created_at", "2016-10-04 20:44:59.215599"], ["updated_at", "2016-10-04 20:44:59.215599"]]
  [1m[36m (0.3ms)[0m  [1mCOMMIT[0m
Redirected to http://localhost:3000/Access/roomadmin
Completed 302 Found in 68ms (ActiveRecord: 1.0ms)


Started GET "/Access/roomadmin" for ::1 at 2016-10-04 20:44:59 -0400
Processing by AccessController#roomadmin as HTML
  [1m[35mUser Load (0.1ms)[0m  SELECT  "users".* FROM "users" WHERE "users"."id" = $1 LIMIT 1  [["id", 12]]
  Rendered access/roomadmin.html.erb within layouts/application (17.1ms)
Completed 200 OK in 29ms (Views: 28.5ms | ActiveRecord: 0.1ms)


Started GET "/access/viewmembers" for ::1 at 2016-10-04 20:45:02 -0400
Processing by AccessController#viewmembers as HTML
  [1m[36mUser Load (0.3ms)[0m  [1mSELECT "users".* FROM "users" WHERE "users"."isAdmin" IS NULL[0m
  Rendered access/viewmembers.html.erb within layouts/application (4.6ms)
Completed 200 OK in 30ms (Views: 29.0ms | ActiveRecord: 0.3ms)


Started GET "/Access/login" for ::1 at 2016-10-04 20:45:28 -0400
Processing by AccessController#login as HTML
  Rendered access/login.html.erb within layouts/application (23.6ms)
Completed 200 OK in 36ms (Views: 35.0ms | ActiveRecord: 0.0ms)


Started GET "/Users/new" for ::1 at 2016-10-04 20:45:31 -0400
Processing by UsersController#new as HTML
  Rendered users/new.html.erb within layouts/application (25.3ms)
Completed 200 OK in 42ms (Views: 41.3ms | ActiveRecord: 0.0ms)


Started GET "/Users/new" for ::1 at 2016-10-04 20:45:31 -0400
Processing by UsersController#new as HTML
  Rendered users/new.html.erb within layouts/application (33.8ms)
Completed 200 OK in 45ms (Views: 44.1ms | ActiveRecord: 0.0ms)


Started GET "/Access/login" for ::1 at 2016-10-04 20:46:05 -0400
Processing by AccessController#login as HTML
  Rendered access/login.html.erb within layouts/application (25.8ms)
Completed 200 OK in 42ms (Views: 41.4ms | ActiveRecord: 0.0ms)


Started POST "/access/attempt_login" for ::1 at 2016-10-04 20:46:15 -0400
Processing by AccessController#attempt_login as HTML
  Parameters: {"utf8"=>"✓", "authenticity_token"=>"pylpBuTpcDo+TeW6eDnJaJrkytcKqQH6HxPnWfbz6BSoPCgd9q+nJq1tYYW6ti0WrONBy7Guhg73h0ykUrQocg==", "username"=>"admin", "password"=>"[FILTERED]", "isAdmin"=>"1", "commit"=>"Login"}
  [1m[35mUser Load (0.3ms)[0m  SELECT  "users".* FROM "users" WHERE "users"."username" = $1  ORDER BY "users"."id" ASC LIMIT 1  [["username", "admin"]]
  [1m[36mUser Load (0.3ms)[0m  [1mSELECT  "users"."id" FROM "users" WHERE "users"."username" = $1  ORDER BY "users"."id" ASC LIMIT 1[0m  [["username", "admin"]]
  [1m[35mUser Load (0.1ms)[0m  SELECT  "users"."username" FROM "users" WHERE "users"."username" = $1  ORDER BY "users"."id" ASC LIMIT 1  [["username", "admin"]]
  [1m[36mUser Load (0.2ms)[0m  [1mSELECT  "users"."isAdmin" FROM "users" WHERE "users"."username" = $1  ORDER BY "users"."id" ASC LIMIT 1[0m  [["username", "admin"]]
  [1m[35mCACHE (0.0ms)[0m  SELECT  "users"."isAdmin" FROM "users" WHERE "users"."username" = $1  ORDER BY "users"."id" ASC LIMIT 1  [["username", "admin"]]
Redirected to http://localhost:3000/access/roomadmin
Completed 302 Found in 71ms (ActiveRecord: 0.9ms)


Started GET "/access/roomadmin" for ::1 at 2016-10-04 20:46:15 -0400
Processing by AccessController#roomadmin as HTML
  [1m[36mUser Load (0.2ms)[0m  [1mSELECT  "users".* FROM "users" WHERE "users"."id" = $1 LIMIT 1[0m  [["id", 12]]
  Rendered access/roomadmin.html.erb within layouts/application (18.2ms)
Completed 200 OK in 31ms (Views: 30.4ms | ActiveRecord: 0.2ms)


Started GET "/access/viewmembers" for ::1 at 2016-10-04 20:46:18 -0400
Processing by AccessController#viewmembers as HTML
  [1m[35mUser Load (0.3ms)[0m  SELECT "users".* FROM "users" WHERE "users"."isAdmin" IS NULL
  Rendered access/viewmembers.html.erb within layouts/application (4.7ms)
Completed 200 OK in 31ms (Views: 29.9ms | ActiveRecord: 0.3ms)


Started GET "/access/addmember" for ::1 at 2016-10-04 20:46:20 -0400
Processing by AccessController#addmember as HTML
  Rendered access/addmember.html.erb within layouts/application (29.5ms)
Completed 200 OK in 43ms (Views: 42.0ms | ActiveRecord: 0.0ms)


Started POST "/access/membercreate" for ::1 at 2016-10-04 20:46:38 -0400
Processing by AccessController#membercreate as HTML
  Parameters: {"utf8"=>"✓", "authenticity_token"=>"K1XVLQBiAmDFN7AiratQuYYayS5B0KiPgxK7Qeme0HckQJQ2EiTVfFYXNB1vJLTHsB1CMvrXL3trhhC8TdkQEQ==", "user"=>{"username"=>"shyam2", "email"=>"shyam2@ncsu.edu", "password"=>"[FILTERED]", "password_confirmation"=>"[FILTERED]"}, "commit"=>"Create Account"}
Unpermitted parameter: password_confirmation
  [1m[36m (0.1ms)[0m  [1mBEGIN[0m
  [1m[35mUser Exists (0.2ms)[0m  SELECT  1 AS one FROM "users" WHERE "users"."username" = 'shyam2' LIMIT 1
  [1m[36mUser Exists (0.1ms)[0m  [1mSELECT  1 AS one FROM "users" WHERE "users"."email" = 'shyam2@ncsu.edu' LIMIT 1[0m
  [1m[35mSQL (0.1ms)[0m  INSERT INTO "users" ("username", "password_digest", "email", "created_at", "updated_at") VALUES ($1, $2, $3, $4, $5) RETURNING "id"  [["username", "shyam2"], ["password_digest", "$2a$10$iLVT73MsxfmXM11P6sjxo.lnN3NELoFSuOxUslPTTO8cShP7SRtmq"], ["email", "shyam2@ncsu.edu"], ["created_at", "2016-10-04 20:46:38.910854"], ["updated_at", "2016-10-04 20:46:38.910854"]]
  [1m[36m (0.3ms)[0m  [1mCOMMIT[0m
Redirected to http://localhost:3000/Access/roomadmin
Completed 302 Found in 67ms (ActiveRecord: 0.9ms)


Started GET "/Access/roomadmin" for ::1 at 2016-10-04 20:46:38 -0400
Processing by AccessController#roomadmin as HTML
  [1m[35mUser Load (0.1ms)[0m  SELECT  "users".* FROM "users" WHERE "users"."id" = $1 LIMIT 1  [["id", 12]]
  Rendered access/roomadmin.html.erb within layouts/application (16.7ms)
Completed 200 OK in 28ms (Views: 27.3ms | ActiveRecord: 0.1ms)


Started GET "/access/viewmembers" for ::1 at 2016-10-04 20:46:40 -0400
Processing by AccessController#viewmembers as HTML
  [1m[36mUser Load (0.4ms)[0m  [1mSELECT "users".* FROM "users" WHERE "users"."isAdmin" IS NULL[0m
  Rendered access/viewmembers.html.erb within layouts/application (5.0ms)
Completed 200 OK in 30ms (Views: 29.2ms | ActiveRecord: 0.4ms)
